2025-10-23 22:40:10,406 - timetable_generator - INFO - info:89 - Starting comprehensive test suite execution
2025-10-23 22:40:10,407 - timetable_generator - INFO - info:89 - Running Data Structures tests
2025-10-23 22:40:10,407 - timetable_generator - INFO - info:89 - Running CSP Core tests
2025-10-23 22:40:10,409 - timetable_generator - INFO - info:89 - Running Data Processor tests
2025-10-23 22:40:10,443 - timetable_generator - INFO - info:89 - Running Performance tests
2025-10-23 22:40:20,337 - timetable_generator - INFO - info:89 - Running Integration tests
2025-10-23 22:40:20,369 - timetable_generator - INFO - info:89 - Starting data loading from CSV files
2025-10-23 22:40:20,370 - timetable_generator - INFO - info:89 - Data loaded successfully: 35 time slots, 20 rooms, 10 instructors, 1 courses, 5 sections, 30 sessions
2025-10-23 22:40:20,833 - timetable_generator - INFO - info:89 - Starting CSP solving with max_iterations=2000
2025-10-23 22:40:20,859 - timetable_generator - INFO - info:89 - Solution found in 0.03 seconds! Hard violations: 6, Soft violations: 0
2025-10-23 22:40:20,870 - timetable_generator - INFO - info:89 - Running Error Handling tests
2025-10-23 22:40:20,872 - timetable_generator - INFO - info:89 - Running performance benchmark
2025-10-23 22:40:21,496 - timetable_generator - INFO - info:89 - Starting CSP solving with max_iterations=1000
2025-10-23 22:40:21,543 - timetable_generator - INFO - info:89 - Solution found in 0.05 seconds! Hard violations: 7, Soft violations: 0
2025-10-23 22:40:21,646 - timetable_generator - INFO - info:89 - Starting CSP solving with max_iterations=1000
2025-10-23 22:40:21,756 - timetable_generator - INFO - info:89 - Solution found in 0.11 seconds! Hard violations: 76, Soft violations: 0
2025-10-23 22:40:22,058 - timetable_generator - INFO - info:89 - Starting CSP solving with max_iterations=1000
2025-10-23 22:40:22,297 - timetable_generator - INFO - info:89 - Solution found in 0.24 seconds! Hard violations: 1300, Soft violations: 0
2025-10-23 22:40:23,249 - timetable_generator - INFO - info:89 - Starting CSP solving with max_iterations=1000
2025-10-23 22:45:21,204 - timetable_generator - INFO - info:89 - Test report saved to test_report_20251023_224521.json
2025-10-23 22:45:21,204 - timetable_generator - INFO - info:89 - Test suite execution completed
2025-10-23 22:45:38,287 - timetable_generator - INFO - info:89 - Starting data loading from CSV files
2025-10-23 22:45:38,289 - timetable_generator - INFO - info:89 - Data loaded successfully: 40 time slots, 120 rooms, 24 instructors, 52 courses, 15 sections, 339 sessions
2025-10-23 22:45:44,714 - timetable_generator - INFO - info:89 - Starting CSP solving with max_iterations=3000
2025-10-23 22:45:53,634 - timetable_generator - INFO - info:89 - Solution found in 8.92 seconds! Hard violations: 452, Soft violations: 0
